SF:lib/core/game_config.dart
DA:23,20
DA:62,9
LF:2
LH:2
end_of_record
SF:lib/progression/day_key.dart
DA:5,56
DA:7,1
DA:8,5
LF:3
LH:3
end_of_record
SF:lib/progression/streak.dart
DA:8,8
DA:15,6
DA:16,6
DA:17,6
DA:18,24
DA:20,12
DA:22,6
DA:23,3
DA:24,3
DA:32,6
DA:33,6
DA:34,12
DA:35,6
DA:36,30
DA:37,14
DA:38,6
LF:16
LH:16
end_of_record
SF:lib/progression/subscription.dart
DA:9,1
DA:31,1
DA:32,2
DA:40,3
DA:43,6
DA:44,9
DA:45,9
DA:47,3
DA:48,3
DA:49,3
DA:50,12
LF:11
LH:11
end_of_record
SF:lib/progression/wallet.dart
DA:5,5
DA:9,20
DA:12,4
DA:13,20
DA:20,7
DA:26,21
DA:27,7
DA:28,21
LF:8
LH:8
end_of_record
SF:lib/core/projection.dart
DA:23,3
DA:27,15
DA:34,9
DA:37,2
DA:46,2
DA:47,2
DA:48,2
DA:49,2
DA:50,6
DA:51,2
DA:52,16
DA:53,16
DA:54,10
DA:58,4
DA:60,20
DA:62,4
DA:63,32
LF:17
LH:17
end_of_record
SF:lib/services/tilt_controller.dart
DA:12,1
DA:28,2
DA:30,1
DA:31,1
DA:33,3
DA:35,3
DA:36,3
DA:37,1
DA:40,3
DA:41,1
DA:45,1
DA:48,1
DA:49,3
DA:50,1
DA:51,4
DA:52,3
DA:53,1
DA:57,1
DA:58,2
DA:59,1
DA:60,1
LF:21
LH:21
end_of_record
SF:lib/progression/mission.dart
DA:16,5
DA:17,5
DA:18,5
DA:19,5
DA:20,5
DA:25,5
DA:26,5
DA:27,5
DA:28,5
DA:29,5
DA:30,5
DA:31,5
DA:32,4
DA:39,5
DA:55,1
DA:56,6
DA:58,4
DA:59,2
DA:60,8
DA:61,1
DA:62,3
DA:63,1
DA:64,1
DA:65,3
DA:69,3
DA:70,6
DA:71,1
DA:73,2
DA:74,2
DA:75,4
DA:76,1
DA:77,1
DA:78,2
DA:81,4
DA:82,2
DA:83,4
DA:84,2
DA:85,2
DA:86,2
DA:87,2
DA:90,4
DA:91,2
DA:92,4
DA:93,2
DA:94,2
DA:95,2
DA:96,2
LF:47
LH:47
end_of_record
SF:lib/progression/mission_catalog.dart
DA:10,5
DA:11,5
DA:12,10
DA:13,5
DA:14,10
DA:15,25
DA:19,5
DA:20,10
DA:21,5
DA:24,30
DA:25,5
LF:11
LH:11
end_of_record
SF:lib/progression/mission_tracker.dart
DA:9,5
DA:10,10
DA:18,5
DA:19,30
DA:21,5
DA:22,20
DA:23,25
DA:30,5
DA:32,20
DA:33,10
DA:34,5
DA:35,10
DA:36,25
DA:37,10
DA:38,10
DA:39,5
DA:42,15
DA:43,3
DA:44,3
LF:19
LH:19
end_of_record
SF:lib/progression/run_stats.dart
DA:5,8
DA:33,5
DA:34,6
DA:35,8
DA:36,7
DA:37,9
DA:38,5
DA:39,6
DA:40,8
LF:9
LH:9
end_of_record
SF:lib/core/swept_collision.dart
DA:3,2
DA:13,2
DA:14,2
DA:15,8
DA:16,6
DA:17,4
DA:18,2
DA:19,2
DA:20,2
DA:21,2
DA:22,2
DA:25,4
LF:12
LH:12
end_of_record
SF:lib/core/track.dart
DA:8,4
DA:24,3
DA:25,4
DA:28,1
DA:29,3
DA:45,4
DA:49,12
DA:50,12
DA:53,4
DA:54,8
DA:55,4
DA:59,4
DA:60,12
DA:61,14
DA:62,18
DA:66,3
DA:67,21
DA:70,1
DA:71,1
DA:72,4
DA:73,3
DA:77,4
DA:78,4
DA:79,4
DA:81,4
DA:82,8
DA:83,4
DA:84,8
DA:85,8
DA:86,4
DA:87,4
DA:88,4
DA:89,16
DA:90,16
DA:91,4
DA:92,16
DA:93,12
DA:95,16
DA:96,16
DA:97,16
DA:101,4
DA:102,12
DA:103,4
DA:104,8
DA:108,2
DA:109,2
DA:110,2
DA:111,4
DA:118,12
DA:119,24
DA:121,4
DA:122,20
DA:125,8
DA:127,4
DA:129,4
DA:130,8
DA:131,8
DA:134,8
DA:135,24
DA:137,8
DA:138,20
DA:140,8
DA:141,12
DA:142,20
LF:64
LH:64
end_of_record
SF:lib/entities/player.dart
DA:22,6
DA:25,2
DA:26,4
DA:27,4
DA:28,2
DA:29,4
DA:30,4
DA:31,2
DA:32,2
DA:36,2
DA:37,4
DA:38,12
DA:39,8
DA:40,4
DA:41,10
DA:43,14
DA:44,14
DA:45,4
DA:46,4
DA:47,2
DA:51,2
DA:52,4
DA:53,6
DA:54,2
DA:55,2
DA:56,2
LF:26
LH:26
end_of_record
SF:lib/entities/power_up_pickup.dart
DA:5,1
LF:1
LH:1
end_of_record
SF:lib/game/power_up_manager.dart
DA:8,2
DA:9,2
DA:10,2
DA:11,2
DA:12,1
DA:15,1
DA:16,1
DA:17,1
DA:18,1
DA:19,1
DA:22,2
DA:23,2
DA:24,2
DA:25,2
DA:26,1
DA:35,12
DA:36,3
DA:37,1
DA:38,2
DA:40,6
DA:41,4
DA:42,3
DA:43,3
DA:44,3
DA:45,3
DA:47,2
DA:49,4
DA:50,6
DA:51,4
DA:55,3
DA:56,3
DA:57,11
DA:58,6
DA:59,2
DA:60,4
DA:61,2
DA:63,4
DA:69,6
LF:38
LH:38
end_of_record
SF:lib/entities/traffic_vehicle.dart
DA:7,2
DA:8,2
DA:9,2
DA:10,2
DA:11,2
DA:12,1
DA:13,1
DA:17,3
DA:18,3
DA:19,3
DA:20,3
DA:21,3
DA:22,2
DA:23,1
DA:29,3
LF:15
LH:15
end_of_record
SF:lib/game/hud_model.dart
DA:19,3
DA:29,3
DA:30,3
DA:31,3
DA:32,3
DA:33,3
DA:34,3
DA:35,3
DA:36,3
DA:37,3
LF:10
LH:10
end_of_record
SF:lib/game/progression_coordinator.dart
DA:13,4
DA:38,8
DA:45,4
DA:46,4
DA:47,4
DA:48,4
DA:49,4
DA:50,14
DA:53,16
DA:74,1
DA:75,2
DA:76,2
DA:77,2
DA:78,2
DA:79,2
DA:80,2
DA:84,2
DA:87,4
DA:88,8
DA:89,8
DA:90,8
DA:91,8
DA:92,4
DA:93,4
DA:94,4
DA:99,4
DA:100,8
DA:101,4
DA:103,12
DA:104,6
DA:105,6
DA:106,6
DA:107,4
DA:109,8
DA:110,4
DA:111,4
DA:112,2
DA:113,2
DA:117,3
DA:119,4
DA:120,4
DA:121,4
DA:122,8
DA:123,8
DA:124,20
DA:125,4
DA:127,8
DA:129,4
DA:130,4
DA:131,4
DA:132,8
DA:134,4
DA:136,4
DA:137,8
DA:138,4
DA:139,16
DA:140,8
DA:141,8
DA:146,8
DA:148,8
DA:149,4
DA:150,4
DA:151,8
DA:152,8
LF:64
LH:64
end_of_record
SF:lib/services/garage_service.dart
DA:17,5
DA:22,0
DA:30,6
DA:31,2
DA:32,15
DA:35,10
DA:37,2
DA:39,4
DA:40,4
DA:42,1
DA:43,3
DA:44,2
DA:47,0
DA:51,4
DA:52,4
DA:53,9
DA:54,3
DA:55,3
DA:58,3
DA:59,9
DA:61,2
DA:62,2
DA:63,2
DA:67,2
DA:68,8
DA:69,2
DA:70,2
DA:77,3
DA:78,13
DA:79,3
DA:82,4
DA:83,6
DA:85,14
LF:33
LH:31
end_of_record
SF:lib/services/missions_service.dart
DA:15,4
DA:25,12
DA:26,12
DA:27,0
DA:29,1
DA:31,2
DA:32,2
DA:34,1
DA:35,1
DA:36,4
DA:37,2
DA:38,5
DA:39,1
DA:40,2
DA:44,0
DA:46,1
DA:50,4
DA:51,12
DA:52,14
DA:53,4
DA:54,12
DA:55,4
DA:56,4
DA:57,4
DA:60,4
DA:61,4
DA:62,8
DA:68,4
DA:69,4
DA:70,12
DA:71,10
DA:76,4
DA:77,8
DA:78,2
DA:79,2
DA:83,4
DA:84,5
DA:86,2
DA:87,1
DA:88,1
DA:89,3
LF:41
LH:39
end_of_record
SF:lib/services/paywall_prompt_service.dart
DA:13,5
DA:17,18
DA:19,2
DA:20,2
DA:21,8
DA:22,4
DA:33,2
DA:34,2
DA:36,2
DA:38,4
DA:39,6
DA:40,6
DA:41,6
DA:43,0
DA:49,5
DA:50,10
DA:51,9
DA:52,5
DA:53,10
DA:54,1
DA:55,2
LF:21
LH:20
end_of_record
SF:lib/services/purchase_service.dart
DA:29,8
DA:33,0
DA:36,2
DA:40,2
DA:43,2
DA:46,3
DA:49,8
DA:51,1
DA:53,2
DA:54,3
DA:56,0
DA:58,1
DA:61,1
DA:62,1
DA:63,1
DA:64,0
DA:68,1
DA:69,0
DA:70,0
DA:71,0
DA:72,0
DA:74,3
DA:79,0
DA:80,0
DA:82,0
DA:84,0
DA:87,0
DA:88,0
DA:90,0
DA:96,0
DA:97,0
DA:98,0
DA:99,0
DA:101,0
DA:102,0
DA:103,0
DA:104,0
DA:105,0
DA:106,0
DA:107,0
DA:110,0
DA:111,0
DA:113,0
DA:115,0
DA:119,0
DA:120,0
DA:121,0
DA:123,0
DA:124,0
DA:125,0
DA:126,0
DA:127,0
DA:129,0
DA:130,0
DA:132,0
DA:134,0
DA:139,1
DA:141,1
DA:142,1
DA:145,0
DA:146,0
DA:147,0
DA:148,0
DA:151,0
DA:153,0
DA:154,0
DA:155,0
DA:156,0
DA:157,0
DA:161,0
DA:162,0
DA:163,0
DA:165,0
DA:168,0
DA:169,0
DA:170,0
DA:171,0
DA:172,0
DA:176,0
DA:177,0
DA:178,0
DA:179,0
DA:181,0
DA:182,0
DA:183,0
DA:186,0
DA:187,0
DA:190,0
DA:191,0
DA:192,0
DA:193,0
DA:200,0
DA:202,0
DA:208,0
DA:209,0
DA:211,0
DA:213,0
DA:214,0
DA:216,0
DA:218,0
DA:219,0
DA:224,0
DA:226,0
DA:227,0
DA:229,0
LF:105
LH:18
end_of_record
SF:lib/services/streak_service.dart
DA:10,5
DA:18,20
DA:20,2
DA:22,4
DA:23,4
DA:25,8
DA:28,3
DA:33,5
DA:34,25
DA:35,15
DA:36,10
DA:37,11
LF:12
LH:12
end_of_record
SF:lib/game/score_keeper.dart
DA:16,8
DA:18,2
DA:19,2
DA:20,2
DA:21,2
DA:22,2
DA:23,2
DA:24,2
DA:25,2
DA:26,2
DA:27,2
DA:32,3
DA:33,6
DA:34,12
DA:35,6
DA:36,3
DA:37,6
DA:38,6
DA:40,3
DA:44,2
DA:45,4
DA:46,10
DA:47,4
DA:48,2
DA:49,8
DA:50,4
DA:51,2
DA:55,3
DA:57,3
DA:58,6
DA:59,4
DA:60,4
DA:61,2
DA:62,2
DA:67,3
DA:68,9
DA:69,6
DA:70,2
LF:38
LH:38
end_of_record
SF:lib/game/traffic_manager.dart
DA:11,3
DA:12,0
DA:31,3
DA:36,3
DA:41,3
DA:43,12
DA:44,3
DA:45,3
DA:49,3
DA:50,3
DA:51,9
DA:52,3
DA:53,9
DA:54,6
DA:55,3
DA:56,3
DA:57,3
DA:59,3
DA:60,3
DA:61,9
DA:62,3
DA:63,9
DA:65,12
DA:68,3
DA:72,3
DA:73,6
DA:74,3
DA:75,3
DA:76,3
DA:77,3
DA:78,3
DA:82,3
DA:83,6
DA:84,6
DA:85,15
DA:95,3
DA:96,3
DA:97,6
DA:98,18
DA:99,6
DA:102,6
DA:106,3
DA:107,6
DA:108,3
DA:110,6
DA:111,21
DA:113,9
DA:114,9
DA:115,6
DA:126,3
DA:133,6
DA:135,12
DA:137,9
DA:138,9
DA:139,4
DA:143,6
DA:144,6
DA:145,3
DA:146,6
DA:149,6
DA:150,18
DA:151,12
DA:152,4
DA:156,9
DA:157,1
DA:160,4
DA:161,2
DA:162,2
DA:164,3
DA:166,24
DA:171,4
LF:71
LH:70
end_of_record
SF:lib/game/traffic_racer_game.dart
DA:36,0
DA:47,3
DA:52,0
DA:53,3
DA:54,3
DA:55,3
DA:103,4
DA:123,14
DA:124,8
DA:125,8
DA:126,15
DA:127,8
DA:129,10
DA:131,1
DA:132,1
DA:133,3
DA:134,4
DA:135,3
DA:138,1
DA:139,1
DA:143,0
DA:146,2
DA:148,2
DA:149,12
DA:150,10
DA:151,8
DA:153,4
DA:154,4
DA:155,4
DA:159,6
DA:160,4
DA:161,2
DA:166,2
DA:169,2
DA:171,2
DA:172,8
DA:179,2
DA:180,10
DA:181,8
DA:182,4
DA:183,4
DA:184,4
DA:185,2
DA:186,2
DA:187,2
DA:188,2
DA:189,2
DA:190,4
DA:191,4
DA:192,4
DA:193,2
DA:194,4
DA:195,2
DA:196,2
DA:197,2
DA:198,2
DA:199,2
DA:200,2
DA:201,2
DA:202,4
DA:203,4
DA:205,2
DA:206,4
DA:207,4
DA:208,4
DA:209,4
DA:210,4
DA:211,4
DA:212,4
DA:213,4
DA:214,4
DA:215,2
DA:216,2
DA:219,1
DA:220,2
DA:221,1
DA:222,1
DA:223,2
DA:224,2
DA:225,2
DA:226,2
DA:227,1
DA:230,1
DA:231,2
DA:232,1
DA:233,2
DA:234,2
DA:235,2
DA:236,1
DA:239,0
DA:240,0
DA:241,0
DA:242,0
DA:245,0
DA:246,0
DA:247,0
DA:248,0
DA:249,0
DA:250,0
DA:251,0
DA:252,0
DA:253,0
DA:254,0
DA:255,0
DA:256,0
DA:257,0
DA:258,0
DA:259,0
DA:260,0
DA:261,0
DA:262,0
DA:265,2
DA:266,2
DA:267,2
DA:268,2
DA:269,4
DA:270,4
DA:271,4
DA:272,2
DA:273,4
DA:274,2
DA:277,2
DA:278,2
DA:279,4
DA:280,2
DA:281,6
DA:282,4
DA:283,2
DA:285,8
DA:286,4
DA:288,4
DA:292,0
DA:293,0
DA:294,0
DA:297,0
DA:298,0
DA:301,0
DA:302,0
DA:303,0
DA:304,0
DA:309,0
DA:310,0
DA:311,0
DA:312,0
DA:314,0
DA:317,0
DA:318,0
DA:321,0
DA:322,0
DA:323,0
DA:324,0
DA:325,0
DA:329,0
DA:330,0
DA:331,0
DA:337,0
DA:338,0
DA:339,0
DA:344,0
DA:345,0
DA:346,0
DA:350,0
DA:351,0
DA:352,0
DA:356,2
DA:357,4
DA:358,8
DA:361,0
DA:362,0
DA:363,0
DA:364,0
DA:365,0
DA:369,2
DA:370,6
DA:371,0
DA:372,0
DA:374,2
DA:378,0
DA:380,0
DA:381,0
DA:384,1
DA:386,1
DA:387,2
DA:388,1
DA:395,2
DA:397,2
DA:398,2
DA:399,2
DA:400,4
DA:401,4
DA:406,6
DA:407,6
DA:408,8
DA:409,2
DA:410,2
DA:411,0
DA:412,2
DA:413,2
DA:414,2
DA:415,2
DA:416,0
DA:417,0
DA:418,0
DA:421,4
DA:422,18
DA:423,2
DA:427,0
DA:428,0
DA:429,0
DA:430,0
DA:431,0
DA:434,2
DA:435,4
DA:437,12
DA:438,14
DA:439,6
DA:440,6
DA:443,2
DA:444,4
DA:445,3
DA:446,1
DA:447,3
DA:448,2
DA:452,6
DA:454,2
DA:456,10
DA:457,2
DA:458,4
DA:459,14
DA:460,4
DA:461,10
DA:462,4
DA:464,2
DA:465,4
DA:466,4
DA:467,10
DA:468,4
DA:469,4
DA:471,2
DA:472,4
DA:473,4
DA:475,4
DA:476,8
DA:478,20
DA:479,8
DA:481,2
DA:482,4
DA:483,2
DA:485,8
DA:486,1
DA:488,4
DA:489,6
DA:491,4
DA:492,4
DA:493,4
DA:494,2
DA:495,2
DA:496,2
DA:500,4
DA:501,2
DA:502,4
DA:503,4
DA:504,4
DA:505,2
DA:506,4
DA:507,4
DA:511,2
DA:512,4
DA:513,6
DA:514,0
DA:515,0
DA:516,0
DA:519,4
DA:520,0
DA:530,2
DA:536,2
DA:537,8
DA:538,6
DA:539,12
DA:541,10
DA:543,4
DA:545,12
DA:547,2
DA:550,6
DA:551,10
DA:553,2
DA:555,4
DA:556,0
DA:558,2
DA:565,10
DA:566,2
DA:567,1
DA:568,1
DA:569,2
DA:570,5
DA:571,3
DA:572,1
DA:578,1
DA:579,4
DA:580,2
DA:581,4
DA:582,2
DA:583,1
DA:584,3
DA:585,2
DA:586,2
DA:590,3
DA:593,1
DA:596,0
DA:597,0
DA:598,0
DA:599,0
DA:600,0
DA:601,0
DA:602,0
DA:605,2
DA:606,4
DA:607,4
DA:608,1
DA:609,5
DA:610,1
DA:613,5
DA:614,2
DA:615,3
DA:616,2
DA:617,0
DA:620,6
DA:621,2
DA:622,2
DA:623,2
DA:624,2
DA:629,1
DA:630,2
DA:631,2
DA:632,1
DA:633,1
DA:634,4
DA:637,3
DA:638,2
DA:639,6
DA:643,4
DA:644,3
DA:647,1
DA:648,2
DA:649,2
DA:651,1
DA:652,0
DA:653,1
DA:654,0
DA:656,2
DA:658,4
DA:659,1
DA:662,1
DA:663,2
DA:664,2
DA:665,1
DA:666,3
DA:674,1
DA:677,1
DA:678,2
DA:679,1
DA:683,2
DA:687,12
DA:688,4
DA:689,16
DA:690,8
DA:691,4
DA:692,2
DA:694,10
DA:695,2
DA:696,8
DA:697,8
DA:703,2
DA:704,10
DA:705,3
DA:706,1
DA:708,7
DA:709,4
DA:710,2
DA:712,10
DA:715,2
DA:716,4
DA:717,4
DA:718,4
DA:719,2
DA:720,4
DA:721,4
DA:722,3
DA:724,6
DA:725,2
DA:726,2
DA:727,7
DA:729,6
DA:737,0
DA:742,0
DA:743,0
DA:744,0
DA:745,0
DA:746,0
DA:747,0
DA:748,0
DA:749,0
DA:750,0
DA:751,0
DA:752,0
DA:753,0
DA:754,0
DA:755,0
DA:756,0
DA:772,2
DA:774,6
DA:775,4
DA:778,0
DA:780,0
DA:781,0
DA:784,0
DA:786,0
DA:787,0
DA:788,0
DA:791,0
DA:793,0
DA:794,0
DA:795,0
DA:796,0
DA:797,0
DA:798,0
DA:802,0
DA:804,0
DA:805,0
DA:806,0
DA:809,0
DA:812,0
DA:813,0
LF:433
LH:304
end_of_record
SF:lib/progression/car_catalog.dart
DA:7,6
DA:27,6
DA:56,5
DA:57,20
DA:59,7
DA:60,32
LF:6
LH:6
end_of_record
SF:lib/services/audio_service.dart
DA:7,3
DA:8,3
DA:9,3
DA:10,3
DA:11,3
DA:12,3
DA:13,3
DA:14,3
DA:15,3
DA:16,3
DA:17,3
DA:28,4
DA:29,12
DA:30,12
DA:47,3
DA:49,9
DA:52,6
DA:54,0
DA:56,3
DA:60,2
DA:61,6
DA:62,6
DA:63,2
DA:64,2
DA:69,3
DA:70,3
DA:71,0
DA:76,3
DA:77,3
DA:78,3
DA:79,0
DA:80,0
DA:81,0
DA:82,0
DA:87,3
DA:88,9
DA:89,9
DA:90,12
DA:91,3
DA:92,9
DA:94,12
DA:95,3
DA:96,9
DA:100,8
DA:102,2
DA:103,4
DA:104,0
DA:107,4
DA:108,4
DA:109,4
DA:110,4
DA:111,8
DA:112,0
DA:113,0
DA:119,3
DA:120,3
DA:121,3
DA:122,0
DA:123,0
DA:126,5
DA:128,1
DA:129,2
DA:130,0
DA:133,2
DA:134,2
DA:135,2
DA:136,0
DA:137,0
DA:140,2
DA:141,10
DA:145,2
DA:146,4
DA:147,2
DA:148,2
DA:149,2
DA:150,1
DA:151,0
DA:154,4
DA:155,0
DA:156,0
DA:157,0
DA:158,2
DA:159,0
DA:163,4
DA:165,4
DA:167,0
LF:86
LH:66
end_of_record
SF:lib/services/high_score_service.dart
DA:14,1
DA:16,2
DA:17,4
DA:18,4
DA:23,3
DA:25,9
DA:26,4
DA:27,3
DA:30,9
DA:31,4
DA:32,3
LF:11
LH:11
end_of_record
SF:lib/services/settings_service.dart
DA:16,1
DA:18,2
DA:19,4
DA:20,4
DA:21,4
DA:27,10
DA:28,5
DA:29,5
DA:31,2
DA:32,2
DA:33,3
LF:11
LH:11
end_of_record
SF:lib/world/effects.dart
DA:5,1
DA:22,5
DA:24,1
DA:25,2
DA:26,3
DA:32,2
DA:46,2
DA:47,4
DA:48,18
DA:49,8
LF:10
LH:10
end_of_record
SF:lib/world/world_component.dart
DA:34,1
DA:36,1
DA:37,1
DA:38,2
DA:39,1
DA:40,1
DA:41,2
DA:42,1
DA:44,1
DA:45,2
DA:46,1
DA:47,6
DA:48,6
DA:52,3
DA:53,1
DA:54,3
DA:55,3
DA:57,3
DA:58,3
DA:59,2
DA:61,1
DA:63,1
DA:64,1
DA:65,1
DA:66,1
DA:73,1
DA:79,1
DA:80,2
DA:82,5
DA:84,3
DA:86,2
DA:88,2
DA:89,6
DA:90,3
DA:91,0
DA:93,2
DA:94,3
DA:95,1
DA:96,2
DA:97,4
DA:98,1
DA:100,1
DA:101,2
DA:103,1
DA:104,2
DA:105,4
DA:106,5
DA:107,3
DA:110,2
DA:111,1
DA:112,2
DA:116,1
DA:118,2
DA:119,1
DA:120,4
DA:123,4
DA:124,4
DA:127,2
DA:128,13
DA:129,6
DA:130,13
DA:131,6
DA:134,13
DA:135,6
DA:138,2
DA:139,3
DA:140,3
DA:141,2
DA:142,3
DA:143,4
DA:144,4
DA:145,7
DA:146,3
DA:150,3
DA:151,3
DA:152,3
DA:153,5
DA:154,5
DA:155,7
DA:156,4
DA:160,1
DA:161,5
DA:162,1
DA:163,4
DA:164,4
DA:168,1
DA:170,1
DA:171,1
DA:172,1
DA:173,1
DA:174,1
DA:175,1
DA:176,3
DA:183,1
DA:185,1
DA:186,1
DA:192,1
DA:193,3
DA:194,2
DA:195,3
DA:196,2
DA:197,1
DA:198,2
DA:200,2
DA:201,2
DA:202,3
DA:203,4
DA:205,5
DA:209,4
DA:210,2
DA:211,2
DA:212,1
DA:215,1
DA:217,1
DA:220,1
DA:222,1
DA:223,4
DA:224,5
DA:225,5
DA:226,5
DA:227,5
DA:228,4
DA:229,1
DA:230,5
DA:232,1
DA:233,3
DA:234,1
DA:235,1
DA:236,1
DA:237,1
DA:238,3
DA:239,1
DA:240,1
DA:241,1
DA:242,1
DA:244,1
DA:245,1
DA:246,1
DA:247,1
DA:249,3
DA:250,4
DA:252,1
DA:255,1
DA:256,1
DA:257,1
DA:258,5
DA:259,6
DA:260,2
DA:261,1
DA:262,3
DA:263,2
DA:265,1
DA:267,1
DA:268,1
DA:269,3
DA:270,3
DA:272,3
DA:273,1
DA:274,1
DA:275,1
DA:276,3
DA:277,1
DA:278,2
DA:281,1
DA:282,1
DA:283,1
DA:284,1
DA:285,3
DA:286,1
DA:288,1
DA:289,0
DA:290,0
DA:291,0
DA:292,0
DA:293,0
DA:294,0
DA:295,0
DA:296,1
DA:297,0
DA:298,0
DA:299,0
DA:300,0
DA:301,0
DA:302,0
DA:303,0
DA:304,0
DA:305,0
DA:306,1
DA:307,2
DA:308,6
DA:309,6
DA:310,0
DA:311,0
DA:312,0
DA:314,0
DA:316,0
DA:321,0
DA:322,0
DA:326,1
DA:328,1
DA:329,1
DA:330,4
DA:331,2
DA:332,7
DA:333,1
DA:334,6
DA:335,3
DA:336,2
DA:338,2
DA:339,0
DA:340,0
DA:341,0
DA:342,0
DA:343,0
DA:344,0
DA:345,0
DA:346,0
DA:347,0
DA:352,1
DA:353,1
DA:354,1
DA:355,3
DA:356,1
DA:357,1
DA:358,3
DA:360,1
DA:362,1
DA:363,2
DA:370,1
DA:372,1
DA:375,5
DA:376,1
DA:377,1
DA:378,0
DA:379,0
DA:380,0
DA:381,0
DA:382,0
DA:383,0
DA:384,0
DA:385,0
DA:386,0
DA:387,0
DA:388,0
DA:389,0
DA:394,2
DA:395,3
DA:396,1
DA:397,1
DA:398,1
DA:399,7
DA:400,2
DA:401,5
DA:407,2
DA:408,3
DA:409,2
DA:410,5
DA:412,2
DA:413,1
DA:414,4
DA:415,6
DA:420,1
DA:421,3
DA:422,4
DA:423,1
DA:424,1
DA:425,1
DA:426,1
DA:427,3
DA:428,2
DA:431,1
DA:432,1
DA:433,3
DA:442,1
DA:443,12
DA:449,1
LF:276
LH:231
end_of_record
SF:lib/progression/garage.dart
DA:10,6
DA:11,12
DA:13,12
DA:18,18
DA:20,12
DA:23,4
DA:24,4
DA:25,8
DA:26,8
DA:32,4
DA:33,4
DA:34,4
DA:35,12
DA:36,6
DA:38,6
DA:39,3
DA:44,3
DA:45,3
DA:46,3
DA:52,3
DA:53,6
DA:54,1
DA:58,6
DA:59,6
DA:60,3
DA:63,3
DA:64,6
DA:65,3
DA:66,3
DA:67,3
DA:72,6
DA:73,1
LF:32
LH:32
end_of_record
SF:lib/services/revenuecat_keys.dart
DA:31,2
DA:33,2
DA:34,2
DA:35,0
LF:4
LH:3
end_of_record
SF:lib/world/sky_painter.dart
DA:9,2
DA:10,2
DA:11,4
DA:12,4
DA:13,4
DA:15,10
DA:23,2
DA:24,4
DA:25,8
DA:26,10
DA:30,1
DA:37,1
DA:38,2
DA:40,1
DA:42,1
DA:43,2
DA:45,1
DA:46,3
DA:50,2
DA:51,1
DA:52,3
DA:53,2
DA:54,9
DA:55,5
DA:60,7
DA:61,1
DA:62,1
DA:63,1
DA:64,1
DA:65,1
DA:66,1
DA:67,2
DA:68,1
DA:69,1
DA:70,5
DA:73,5
DA:76,1
DA:77,4
DA:78,1
DA:79,2
DA:80,2
DA:81,1
DA:82,4
DA:86,4
DA:87,1
DA:88,4
DA:89,1
DA:92,1
DA:94,1
DA:95,3
DA:96,1
DA:97,4
DA:98,3
DA:99,3
DA:100,4
DA:101,3
DA:102,1
DA:106,3
DA:107,1
DA:108,3
LF:60
LH:60
end_of_record
SF:lib/world/world_palette.dart
DA:6,7
DA:121,1
DA:122,3
DA:123,2
DA:124,3
DA:125,2
DA:127,4
DA:128,6
DA:131,5
DA:133,1
DA:134,2
DA:135,1
DA:136,3
DA:137,3
DA:138,3
DA:139,3
DA:140,3
DA:141,3
DA:142,3
DA:143,3
DA:144,3
DA:145,3
DA:146,3
DA:147,3
DA:148,3
DA:149,3
DA:150,6
DA:152,6
LF:28
LH:28
end_of_record
SF:lib/world/vehicle_painter.dart
DA:12,2
DA:25,2
DA:27,1
DA:28,2
DA:29,2
DA:35,4
DA:36,2
DA:37,6
DA:38,3
DA:41,2
DA:42,12
DA:43,4
DA:47,2
DA:48,2
DA:49,4
DA:50,6
DA:51,2
DA:52,2
DA:53,2
DA:54,14
DA:57,4
DA:64,2
DA:65,1
DA:66,2
DA:67,1
DA:69,2
DA:72,1
DA:73,2
DA:74,3
DA:75,6
DA:76,4
DA:77,6
DA:78,4
DA:80,2
DA:81,2
DA:82,7
DA:83,2
DA:84,3
DA:85,7
DA:86,2
DA:90,2
DA:92,2
DA:93,1
DA:95,2
DA:98,2
DA:99,2
DA:100,10
DA:103,2
DA:105,2
DA:106,12
DA:107,2
DA:109,4
DA:110,4
DA:111,4
DA:112,4
DA:114,2
DA:116,2
DA:117,4
DA:118,6
DA:119,4
DA:120,6
DA:126,6
DA:127,6
DA:128,2
DA:129,2
DA:130,10
DA:131,4
DA:132,4
DA:134,8
DA:135,2
DA:136,18
DA:137,2
DA:138,4
DA:139,4
DA:140,4
DA:141,4
DA:143,2
DA:145,2
DA:146,4
DA:147,2
DA:148,4
DA:154,2
DA:155,2
DA:156,20
DA:157,4
DA:159,6
DA:161,2
DA:162,12
DA:163,4
DA:168,2
DA:169,2
DA:170,16
DA:171,4
DA:173,6
DA:175,6
DA:176,2
DA:177,20
DA:178,6
DA:184,1
DA:185,1
DA:186,1
DA:187,1
DA:188,4
DA:189,2
DA:191,1
DA:192,2
DA:193,3
DA:194,2
DA:195,4
DA:200,1
DA:201,2
DA:202,3
DA:203,2
DA:204,5
DA:205,10
DA:207,10
DA:208,3
DA:210,1
DA:211,7
DA:212,2
DA:216,1
DA:217,1
DA:218,1
DA:219,1
DA:220,4
DA:221,2
DA:222,2
DA:223,2
DA:224,2
DA:226,1
DA:227,2
DA:228,3
DA:229,2
DA:230,3
DA:235,1
DA:236,1
DA:237,8
DA:238,2
DA:240,2
DA:242,1
DA:243,8
DA:244,3
DA:246,1
DA:247,9
DA:248,2
DA:252,2
DA:255,4
DA:256,4
DA:257,4
DA:259,2
DA:260,2
DA:262,4
DA:263,6
DA:264,2
DA:265,10
DA:266,2
DA:267,2
DA:268,4
DA:269,2
DA:270,6
DA:273,2
DA:274,6
DA:275,6
DA:280,1
DA:281,4
DA:282,3
DA:283,2
DA:284,2
DA:285,1
DA:286,5
DA:287,2
DA:288,6
DA:289,1
DA:290,1
DA:292,1
DA:293,2
DA:294,3
DA:295,1
DA:307,2
DA:314,2
DA:315,6
DA:316,4
DA:317,4
DA:318,4
DA:320,2
DA:321,2
DA:322,12
DA:323,2
DA:324,8
DA:325,2
DA:326,6
DA:328,6
DA:330,2
DA:332,4
DA:335,10
DA:337,2
DA:338,2
DA:339,4
DA:340,4
DA:341,12
DA:342,4
DA:343,16
DA:348,4
DA:349,0
DA:351,4
DA:352,8
DA:353,14
DA:354,6
DA:355,8
DA:356,4
DA:357,8
DA:359,4
LF:212
LH:211
end_of_record
SF:lib/overlays/car_preview.dart
DA:11,1
DA:15,1
DA:17,3
DA:21,1
DA:25,1
DA:28,9
DA:29,1
DA:31,5
DA:33,2
DA:34,2
DA:37,2
DA:41,1
DA:43,3
LF:13
LH:13
end_of_record
SF:lib/overlays/car_showcase.dart
DA:9,1
DA:20,1
DA:21,1
DA:23,7
DA:24,1
DA:25,1
DA:26,1
DA:28,1
DA:30,1
DA:31,1
DA:33,1
DA:35,1
DA:36,1
DA:37,1
DA:39,1
DA:40,4
DA:42,1
DA:43,6
DA:44,4
DA:50,1
DA:51,2
DA:54,2
DA:60,1
DA:61,1
DA:63,1
DA:65,1
DA:67,2
DA:71,1
DA:73,1
DA:74,1
DA:75,1
DA:84,1
DA:85,1
DA:86,1
DA:87,1
DA:101,1
DA:103,1
DA:105,2
DA:106,1
DA:107,1
DA:108,1
DA:109,3
DA:110,1
DA:111,5
DA:112,6
DA:116,2
DA:117,1
DA:118,3
DA:119,4
DA:123,1
DA:124,5
DA:125,5
DA:126,5
DA:127,5
DA:128,1
DA:130,1
DA:131,2
DA:132,1
DA:133,1
DA:135,1
DA:136,1
DA:137,5
DA:138,2
DA:141,1
DA:142,1
DA:143,1
DA:147,0
LF:67
LH:66
end_of_record
SF:lib/overlays/ui_theme.dart
DA:22,2
DA:25,1
DA:44,2
DA:46,1
DA:47,1
DA:54,1
DA:63,1
DA:65,1
DA:66,2
DA:67,1
DA:68,1
DA:70,1
DA:71,1
DA:73,5
DA:75,2
DA:86,2
DA:99,1
DA:101,1
DA:103,1
DA:105,1
DA:107,1
DA:109,1
DA:110,5
DA:112,1
DA:113,1
DA:114,1
DA:115,1
DA:116,1
DA:119,1
DA:130,1
DA:148,1
DA:150,1
DA:151,1
DA:152,2
DA:153,1
DA:154,1
DA:161,1
DA:162,1
DA:163,1
DA:166,2
DA:174,1
DA:189,1
DA:191,1
DA:192,1
DA:193,2
DA:194,1
DA:195,1
DA:202,1
DA:205,1
DA:206,1
DA:207,1
DA:210,2
DA:219,1
DA:225,1
DA:227,1
DA:229,1
DA:230,1
DA:231,1
DA:232,1
DA:233,1
DA:235,1
DA:236,1
DA:237,1
DA:239,1
DA:241,1
DA:248,1
DA:249,1
DA:250,1
DA:251,3
DA:252,1
DA:274,1
DA:277,1
DA:278,1
DA:280,3
DA:285,1
DA:289,1
DA:290,1
DA:292,1
DA:293,1
DA:295,2
DA:298,2
LF:81
LH:81
end_of_record
SF:lib/overlays/game_over_overlay.dart
DA:11,1
DA:15,1
DA:17,2
DA:18,2
DA:19,1
DA:20,0
DA:21,1
DA:22,2
DA:24,1
DA:25,1
DA:26,1
DA:27,1
DA:29,1
DA:31,1
DA:32,2
DA:39,1
DA:40,2
DA:41,1
DA:51,1
DA:52,2
DA:63,1
DA:64,2
DA:66,0
DA:68,1
DA:70,2
DA:74,1
DA:79,1
DA:80,1
DA:81,1
DA:82,1
DA:83,3
DA:85,1
DA:86,1
DA:88,1
DA:89,1
DA:91,2
DA:97,1
DA:99,1
DA:101,1
DA:102,1
DA:103,1
DA:104,3
DA:105,5
DA:107,1
DA:109,1
DA:110,2
DA:111,2
DA:112,0
DA:113,0
DA:114,2
DA:115,1
DA:116,1
DA:120,1
DA:123,2
DA:125,1
DA:126,1
DA:127,1
DA:128,1
DA:129,1
DA:132,2
DA:136,1
DA:137,1
DA:140,2
DA:145,1
DA:156,1
DA:160,1
DA:162,3
DA:163,1
DA:164,1
DA:165,1
DA:167,3
DA:171,3
DA:173,0
DA:174,0
DA:175,0
DA:181,3
DA:183,0
DA:184,0
DA:185,0
DA:188,1
DA:189,2
DA:190,1
DA:192,1
DA:193,1
DA:196,2
DA:197,1
DA:209,2
DA:221,1
DA:223,1
DA:225,1
DA:227,1
DA:228,3
DA:230,1
DA:231,1
DA:232,1
DA:234,1
DA:238,1
DA:239,2
LF:98
LH:88
end_of_record
SF:lib/overlays/garage_overlay.dart
DA:15,1
DA:19,1
DA:21,3
DA:22,1
DA:23,1
DA:24,1
DA:26,1
DA:27,5
DA:28,2
DA:29,1
DA:30,1
DA:32,1
DA:33,1
DA:34,1
DA:35,2
DA:44,1
DA:45,1
DA:48,2
DA:52,1
DA:54,2
DA:60,1
DA:61,1
DA:62,1
DA:63,2
DA:65,3
DA:66,1
DA:67,1
DA:68,1
DA:70,1
DA:71,1
DA:72,1
DA:78,1
DA:80,1
DA:81,1
DA:82,1
DA:83,1
DA:84,1
DA:86,1
DA:94,1
DA:95,7
DA:102,1
DA:104,1
DA:106,1
DA:110,3
DA:112,2
DA:116,1
DA:117,2
DA:118,1
DA:121,4
DA:122,3
DA:123,1
DA:124,1
DA:126,2
DA:127,0
DA:128,0
DA:130,0
DA:134,1
DA:152,1
DA:168,1
DA:170,1
DA:172,1
DA:174,2
DA:175,1
DA:177,4
DA:178,1
DA:180,1
DA:181,6
DA:182,1
DA:183,1
DA:184,1
DA:186,1
DA:187,1
DA:188,1
DA:189,1
DA:190,1
DA:192,1
DA:193,1
DA:194,2
DA:196,1
DA:197,1
DA:198,1
DA:199,3
DA:202,1
DA:203,2
DA:205,1
DA:211,1
DA:212,3
DA:213,1
DA:216,1
DA:217,1
DA:218,1
DA:219,1
DA:220,1
DA:222,1
DA:224,1
DA:225,5
DA:227,1
DA:240,1
DA:252,1
DA:254,1
DA:261,1
DA:268,2
DA:275,1
DA:276,1
DA:277,7
DA:278,1
DA:284,2
DA:290,1
DA:292,1
DA:294,1
DA:295,3
DA:297,1
DA:298,1
DA:299,1
DA:301,1
DA:302,1
LF:116
LH:113
end_of_record
SF:lib/overlays/hud_overlay.dart
DA:10,1
DA:14,1
DA:16,1
DA:17,1
DA:19,1
DA:20,2
DA:21,1
DA:22,2
DA:23,1
DA:24,1
DA:25,1
DA:27,1
DA:28,1
DA:30,1
DA:31,3
DA:33,2
DA:35,1
DA:37,1
DA:38,1
DA:39,2
DA:40,1
DA:46,1
DA:48,1
DA:55,1
DA:56,2
DA:57,1
DA:69,2
DA:70,0
DA:76,3
DA:77,1
DA:78,2
DA:79,1
DA:80,1
DA:82,2
DA:94,1
DA:98,1
DA:100,1
DA:102,1
DA:103,1
DA:104,1
DA:113,1
DA:117,1
DA:119,1
DA:121,1
DA:122,1
DA:124,1
DA:125,3
DA:144,3
DA:145,1
DA:146,3
DA:147,1
DA:149,5
DA:158,1
DA:162,1
DA:164,1
DA:165,1
DA:166,1
DA:167,3
DA:168,1
DA:170,5
DA:172,1
DA:183,1
DA:185,1
DA:186,1
DA:187,1
DA:188,2
DA:201,1
DA:205,1
DA:207,2
DA:208,1
DA:211,1
DA:212,2
DA:213,1
DA:215,1
DA:218,1
DA:220,1
DA:221,1
DA:222,3
DA:225,1
DA:227,1
DA:228,1
DA:230,1
DA:231,5
DA:233,1
DA:234,1
DA:235,2
DA:246,1
DA:247,1
DA:248,1
DA:249,1
DA:252,2
DA:265,1
DA:269,1
DA:271,1
DA:274,1
DA:275,1
DA:278,1
DA:279,1
DA:282,1
DA:283,1
DA:284,1
DA:287,1
DA:288,2
DA:289,1
DA:298,2
DA:302,1
DA:303,1
DA:305,2
DA:306,1
DA:309,5
DA:310,1
LF:111
LH:110
end_of_record
SF:lib/overlays/menu_overlay.dart
DA:13,1
DA:17,1
DA:19,2
DA:20,0
DA:22,1
DA:24,1
DA:25,1
DA:27,1
DA:28,1
DA:30,3
DA:39,1
DA:44,1
DA:46,3
DA:47,2
DA:48,2
DA:49,1
DA:51,1
DA:52,1
DA:53,1
DA:70,1
DA:71,1
DA:72,2
DA:73,1
DA:74,2
DA:76,2
DA:77,2
DA:78,3
DA:84,1
DA:85,1
DA:87,1
DA:88,1
DA:90,1
DA:93,1
DA:95,2
DA:98,1
DA:104,1
DA:105,1
DA:106,3
DA:107,2
DA:109,1
DA:116,1
DA:118,2
DA:132,1
DA:133,1
DA:134,2
DA:135,2
DA:140,1
DA:143,2
DA:146,1
DA:147,1
DA:148,2
DA:149,0
DA:153,1
DA:157,1
DA:161,1
DA:162,1
DA:164,1
DA:167,2
DA:170,1
DA:172,1
DA:175,1
DA:177,1
DA:179,1
DA:182,1
DA:184,2
DA:185,1
DA:187,1
DA:190,1
DA:196,1
DA:197,1
DA:198,1
DA:199,3
DA:202,1
DA:203,1
DA:204,3
DA:213,3
DA:221,1
DA:226,1
DA:228,1
DA:232,1
DA:233,1
DA:235,2
DA:239,3
DA:240,1
DA:242,3
DA:253,1
DA:257,1
DA:259,2
DA:260,1
DA:262,1
DA:263,1
DA:266,1
DA:267,1
DA:268,1
DA:271,1
DA:272,1
DA:274,1
DA:282,1
DA:283,8
DA:284,1
DA:289,2
DA:290,1
DA:291,4
DA:300,1
DA:304,1
DA:306,2
DA:308,1
DA:309,1
DA:310,1
DA:316,1
DA:317,1
DA:319,1
DA:320,1
DA:321,1
DA:322,1
DA:323,1
DA:324,2
DA:325,1
DA:332,1
DA:333,0
DA:334,1
DA:339,1
DA:340,1
DA:341,1
DA:342,2
DA:352,1
DA:353,3
DA:366,1
DA:380,1
DA:382,1
DA:383,1
DA:384,2
DA:386,1
DA:387,1
DA:389,1
DA:390,1
DA:391,1
DA:392,2
DA:395,1
DA:396,2
LF:140
LH:137
end_of_record
SF:lib/overlays/pause_overlay.dart
DA:7,1
DA:10,1
DA:11,1
DA:12,1
DA:13,1
DA:14,1
DA:15,1
DA:17,1
DA:27,1
DA:29,1
DA:39,1
DA:41,1
DA:42,1
DA:43,1
DA:44,1
DA:45,1
DA:47,4
DA:51,1
DA:52,1
DA:54,4
DA:61,1
DA:64,2
DA:67,1
DA:70,2
DA:73,1
DA:76,2
LF:26
LH:26
end_of_record
SF:lib/overlays/paywall_overlay.dart
DA:20,1
DA:24,1
DA:25,1
DA:32,5
DA:36,1
DA:37,2
DA:38,1
DA:39,2
DA:40,3
DA:42,2
DA:43,2
DA:45,0
DA:48,0
DA:49,0
DA:51,0
DA:54,0
DA:55,0
DA:58,0
DA:60,0
DA:62,0
DA:66,1
DA:68,1
DA:69,1
DA:70,1
DA:71,1
DA:72,2
DA:74,1
DA:81,1
DA:82,2
DA:83,1
DA:84,2
DA:85,2
DA:86,2
DA:88,1
DA:89,1
DA:90,1
DA:92,1
DA:93,3
DA:106,1
DA:109,1
DA:112,1
DA:113,2
DA:117,1
DA:121,1
DA:123,1
DA:127,1
DA:128,1
DA:129,0
DA:138,2
DA:139,6
DA:140,1
DA:143,0
DA:145,4
DA:147,1
DA:150,1
DA:154,1
DA:155,2
DA:156,0
DA:157,1
DA:158,0
DA:160,2
DA:161,1
DA:163,3
DA:164,2
DA:167,0
DA:171,1
DA:172,3
DA:173,1
DA:178,1
DA:181,2
DA:182,4
DA:185,1
DA:188,1
DA:189,3
DA:192,0
DA:194,0
DA:197,0
DA:203,1
DA:204,1
DA:206,1
DA:207,2
DA:208,2
DA:209,1
DA:210,1
DA:212,0
DA:223,1
DA:227,1
DA:229,1
DA:230,1
DA:231,1
DA:232,1
DA:233,1
DA:235,4
DA:236,2
DA:237,1
DA:238,0
DA:239,1
DA:240,1
DA:242,1
DA:243,4
DA:246,1
DA:248,1
DA:250,1
DA:251,2
DA:253,1
DA:254,1
DA:257,1
DA:273,1
DA:285,1
DA:287,3
DA:288,2
DA:290,1
DA:291,1
DA:293,1
DA:294,2
DA:295,1
DA:296,1
DA:297,1
DA:298,1
DA:299,1
DA:301,1
DA:302,1
DA:303,1
DA:304,1
DA:305,1
DA:308,1
DA:309,1
DA:310,1
DA:311,1
DA:315,1
DA:318,1
DA:319,1
DA:322,1
DA:323,1
DA:324,1
DA:325,1
DA:326,1
DA:327,3
DA:332,1
DA:338,2
DA:340,2
DA:345,1
DA:346,2
DA:353,1
DA:355,1
DA:356,1
DA:357,1
DA:373,1
DA:377,1
DA:379,1
DA:381,1
DA:382,1
DA:383,1
DA:385,1
DA:386,2
DA:398,1
DA:400,0
DA:414,0
DA:418,0
DA:420,0
DA:422,0
DA:423,0
DA:424,0
DA:428,0
DA:435,1
DA:440,1
DA:442,1
DA:443,1
DA:444,1
DA:450,1
DA:451,1
DA:452,1
DA:459,1
DA:467,1
DA:468,1
DA:470,1
DA:471,2
DA:473,1
DA:474,1
DA:476,1
DA:477,1
DA:478,1
DA:486,3
LF:183
LH:156
end_of_record
